2024-09-03 17:18:58: /bin/bash: --: invalid option
2024-09-03 17:18:58: Usage:	/bin/bash [GNU long option] [option] ...
2024-09-03 17:18:58: 	/bin/bash [GNU long option] [option] script-file ...
2024-09-03 17:18:58: GNU long options:
2024-09-03 17:18:58: 	--debug
2024-09-03 17:18:58: 	--debugger
2024-09-03 17:18:58: 	--dump-po-strings
2024-09-03 17:18:58: 	--dump-strings
2024-09-03 17:18:58: 	--help
2024-09-03 17:18:58: 	--init-file
2024-09-03 17:18:58: 	--login
2024-09-03 17:18:58: 	--noediting
2024-09-03 17:18:58: 	--noprofile
2024-09-03 17:18:58: 	--norc
2024-09-03 17:18:58: 	--posix
2024-09-03 17:18:58: 	--protected
2024-09-03 17:18:58: 	--rcfile
2024-09-03 17:18:58: 	--restricted
2024-09-03 17:18:58: 	--verbose
2024-09-03 17:18:58: 	--version
2024-09-03 17:18:58: 	--wordexp
2024-09-03 17:18:58: Shell options:
2024-09-03 17:18:58: 	-irsD or -c command or -O shopt_option		(invocation only)
2024-09-03 17:18:58: 	-abefhkmnptuvxBCHP or -o option
2024-09-03 17:18:58: /bin/bash: --: invalid option
2024-09-03 17:18:58: Usage:	/bin/bash [GNU long option] [option] ...
2024-09-03 17:18:58: 	/bin/bash [GNU long option] [option] script-file ...
2024-09-03 17:18:58: GNU long options:
2024-09-03 17:18:58: 	--debug
2024-09-03 17:18:58: 	--debugger
2024-09-03 17:18:58: 	--dump-po-strings
2024-09-03 17:18:58: 	--dump-strings
2024-09-03 17:18:58: 	--help
2024-09-03 17:18:58: 	--init-file
2024-09-03 17:18:58: 	--login
2024-09-03 17:18:58: 	--noediting
2024-09-03 17:18:58: 	--noprofile
2024-09-03 17:18:58: 	--norc
2024-09-03 17:18:58: 	--posix
2024-09-03 17:18:58: 	--protected
2024-09-03 17:18:58: 	--rcfile
2024-09-03 17:18:58: 	--restricted
2024-09-03 17:18:58: 	--verbose
2024-09-03 17:18:58: 	--version
2024-09-03 17:18:58: 	--wordexp
2024-09-03 17:18:58: Shell options:
2024-09-03 17:18:58: 	-irsD or -c command or -O shopt_option		(invocation only)
2024-09-03 17:18:58: 	-abefhkmnptuvxBCHP or -o option
2024-09-03 17:18:58: /bin/bash: --: invalid option
2024-09-03 17:18:58: Usage:	/bin/bash [GNU long option] [option] ...
2024-09-03 17:18:58: 	/bin/bash [GNU long option] [option] script-file ...
2024-09-03 17:18:58: GNU long options:
2024-09-03 17:18:58: 	--debug
2024-09-03 17:18:58: 	--debugger
2024-09-03 17:18:58: 	--dump-po-strings
2024-09-03 17:18:58: 	--dump-strings
2024-09-03 17:18:58: 	--help
2024-09-03 17:18:58: 	--init-file
2024-09-03 17:18:58: 	--login
2024-09-03 17:18:58: 	--noediting
2024-09-03 17:18:58: 	--noprofile
2024-09-03 17:18:58: 	--norc
2024-09-03 17:18:58: 	--posix
2024-09-03 17:18:58: 	--protected
2024-09-03 17:18:58: 	--rcfile
2024-09-03 17:18:58: 	--restricted
2024-09-03 17:18:58: 	--verbose
2024-09-03 17:18:58: 	--version
2024-09-03 17:18:58: 	--wordexp
2024-09-03 17:18:58: Shell options:
2024-09-03 17:18:58: 	-irsD or -c command or -O shopt_option		(invocation only)
2024-09-03 17:18:58: 	-abefhkmnptuvxBCHP or -o option
2024-09-03 17:18:58: /bin/bash: --: invalid option
2024-09-03 17:18:58: Usage:	/bin/bash [GNU long option] [option] ...
2024-09-03 17:18:58: 	/bin/bash [GNU long option] [option] script-file ...
2024-09-03 17:18:58: GNU long options:
2024-09-03 17:18:58: 	--debug
2024-09-03 17:18:58: 	--debugger
2024-09-03 17:18:58: 	--dump-po-strings
2024-09-03 17:18:58: 	--dump-strings
2024-09-03 17:18:58: 	--help
2024-09-03 17:18:58: 	--init-file
2024-09-03 17:18:58: 	--login
2024-09-03 17:18:58: 	--noediting
2024-09-03 17:18:58: 	--noprofile
2024-09-03 17:18:58: 	--norc
2024-09-03 17:18:58: 	--posix
2024-09-03 17:18:58: 	--protected
2024-09-03 17:18:58: 	--rcfile
2024-09-03 17:18:58: 	--restricted
2024-09-03 17:18:58: 	--verbose
2024-09-03 17:18:58: 	--version
2024-09-03 17:18:58: 	--wordexp
2024-09-03 17:18:58: Shell options:
2024-09-03 17:18:58: 	-irsD or -c command or -O shopt_option		(invocation only)
2024-09-03 17:18:58: 	-abefhkmnptuvxBCHP or -o option
2024-09-03 17:18:58: /bin/bash: --: invalid option
2024-09-03 17:18:58: Usage:	/bin/bash [GNU long option] [option] ...
2024-09-03 17:18:58: 	/bin/bash [GNU long option] [option] script-file ...
2024-09-03 17:18:58: GNU long options:
2024-09-03 17:18:58: 	--debug
2024-09-03 17:18:58: 	--debugger
2024-09-03 17:18:58: 	--dump-po-strings
2024-09-03 17:18:58: 	--dump-strings
2024-09-03 17:18:58: 	--help
2024-09-03 17:18:58: 	--init-file
2024-09-03 17:18:58: 	--login
2024-09-03 17:18:58: 	--noediting
2024-09-03 17:18:58: 	--noprofile
2024-09-03 17:18:58: 	--norc
2024-09-03 17:18:58: 	--posix
2024-09-03 17:18:58: 	--protected
2024-09-03 17:18:58: 	--rcfile
2024-09-03 17:18:58: 	--restricted
2024-09-03 17:18:58: 	--verbose
2024-09-03 17:18:58: 	--version
2024-09-03 17:18:58: 	--wordexp
2024-09-03 17:18:58: Shell options:
2024-09-03 17:18:58: 	-irsD or -c command or -O shopt_option		(invocation only)
2024-09-03 17:18:58: 	-abefhkmnptuvxBCHP or -o option
2024-09-03 17:18:58: /bin/bash: --: invalid option
2024-09-03 17:18:58: Usage:	/bin/bash [GNU long option] [option] ...
2024-09-03 17:18:58: 	/bin/bash [GNU long option] [option] script-file ...
2024-09-03 17:18:58: GNU long options:
2024-09-03 17:18:58: 	--debug
2024-09-03 17:18:58: 	--debugger
2024-09-03 17:18:58: 	--dump-po-strings
2024-09-03 17:18:58: 	--dump-strings
2024-09-03 17:18:58: 	--help
2024-09-03 17:18:58: 	--init-file
2024-09-03 17:18:58: 	--login
2024-09-03 17:18:58: 	--noediting
2024-09-03 17:18:58: 	--noprofile
2024-09-03 17:18:58: 	--norc
2024-09-03 17:18:58: 	--posix
2024-09-03 17:18:58: 	--protected
2024-09-03 17:18:58: 	--rcfile
2024-09-03 17:18:58: 	--restricted
2024-09-03 17:18:58: 	--verbose
2024-09-03 17:18:58: 	--version
2024-09-03 17:18:58: 	--wordexp
2024-09-03 17:18:58: Shell options:
2024-09-03 17:18:58: 	-irsD or -c command or -O shopt_option		(invocation only)
2024-09-03 17:18:58: 	-abefhkmnptuvxBCHP or -o option
2024-09-03 17:18:58: /bin/bash: --: invalid option
2024-09-03 17:18:58: Usage:	/bin/bash [GNU long option] [option] ...
2024-09-03 17:18:58: 	/bin/bash [GNU long option] [option] script-file ...
2024-09-03 17:18:58: GNU long options:
2024-09-03 17:18:58: 	--debug
2024-09-03 17:18:58: 	--debugger
2024-09-03 17:18:58: 	--dump-po-strings
2024-09-03 17:18:58: 	--dump-strings
2024-09-03 17:18:58: 	--help
2024-09-03 17:18:58: 	--init-file
2024-09-03 17:18:58: 	--login
2024-09-03 17:18:58: 	--noediting
2024-09-03 17:18:58: 	--noprofile
2024-09-03 17:18:58: 	--norc
2024-09-03 17:18:58: 	--posix
2024-09-03 17:18:58: 	--protected
2024-09-03 17:18:58: 	--rcfile
2024-09-03 17:18:58: 	--restricted
2024-09-03 17:18:58: 	--verbose
2024-09-03 17:18:58: 	--version
2024-09-03 17:18:58: 	--wordexp
2024-09-03 17:18:58: Shell options:
2024-09-03 17:18:58: 	-irsD or -c command or -O shopt_option		(invocation only)
2024-09-03 17:18:58: 	-abefhkmnptuvxBCHP or -o option
2024-09-03 17:18:58: /bin/bash: --: invalid option
2024-09-03 17:18:58: Usage:	/bin/bash [GNU long option] [option] ...
2024-09-03 17:18:58: 	/bin/bash [GNU long option] [option] script-file ...
2024-09-03 17:18:58: GNU long options:
2024-09-03 17:18:58: 	--debug
2024-09-03 17:18:58: 	--debugger
2024-09-03 17:18:58: 	--dump-po-strings
2024-09-03 17:18:58: 	--dump-strings
2024-09-03 17:18:58: 	--help
2024-09-03 17:18:58: 	--init-file
2024-09-03 17:18:58: 	--login
2024-09-03 17:18:58: 	--noediting
2024-09-03 17:18:58: 	--noprofile
2024-09-03 17:18:58: 	--norc
2024-09-03 17:18:58: 	--posix
2024-09-03 17:18:58: 	--protected
2024-09-03 17:18:58: 	--rcfile
2024-09-03 17:18:58: 	--restricted
2024-09-03 17:18:58: 	--verbose
2024-09-03 17:18:58: 	--version
2024-09-03 17:18:58: 	--wordexp
2024-09-03 17:18:58: Shell options:
2024-09-03 17:18:58: 	-irsD or -c command or -O shopt_option		(invocation only)
2024-09-03 17:18:58: 	-abefhkmnptuvxBCHP or -o option
2024-09-03 17:18:58: /bin/bash: --: invalid option
2024-09-03 17:18:58: Usage:	/bin/bash [GNU long option] [option] ...
2024-09-03 17:18:58: 	/bin/bash [GNU long option] [option] script-file ...
2024-09-03 17:18:58: GNU long options:
2024-09-03 17:18:58: 	--debug
2024-09-03 17:18:58: 	--debugger
2024-09-03 17:18:58: 	--dump-po-strings
2024-09-03 17:18:58: 	--dump-strings
2024-09-03 17:18:58: 	--help
2024-09-03 17:18:58: 	--init-file
2024-09-03 17:18:58: 	--login
2024-09-03 17:18:58: 	--noediting
2024-09-03 17:18:58: 	--noprofile
2024-09-03 17:18:58: 	--norc
2024-09-03 17:18:58: 	--posix
2024-09-03 17:18:58: 	--protected
2024-09-03 17:18:58: 	--rcfile
2024-09-03 17:18:58: 	--restricted
2024-09-03 17:18:58: 	--verbose
2024-09-03 17:18:58: 	--version
2024-09-03 17:18:58: 	--wordexp
2024-09-03 17:18:58: Shell options:
2024-09-03 17:18:58: 	-irsD or -c command or -O shopt_option		(invocation only)
2024-09-03 17:18:58: 	-abefhkmnptuvxBCHP or -o option
2024-09-03 17:18:58: /bin/bash: --: invalid option
2024-09-03 17:18:58: Usage:	/bin/bash [GNU long option] [option] ...
2024-09-03 17:18:58: 	/bin/bash [GNU long option] [option] script-file ...
2024-09-03 17:18:58: GNU long options:
2024-09-03 17:18:58: 	--debug
2024-09-03 17:18:58: 	--debugger
2024-09-03 17:18:58: 	--dump-po-strings
2024-09-03 17:18:58: 	--dump-strings
2024-09-03 17:18:58: 	--help
2024-09-03 17:18:58: 	--init-file
2024-09-03 17:18:58: 	--login
2024-09-03 17:18:58: 	--noediting
2024-09-03 17:18:58: 	--noprofile
2024-09-03 17:18:58: 	--norc
2024-09-03 17:18:58: 	--posix
2024-09-03 17:18:58: 	--protected
2024-09-03 17:18:58: 	--rcfile
2024-09-03 17:18:58: 	--restricted
2024-09-03 17:18:58: 	--verbose
2024-09-03 17:18:58: 	--version
2024-09-03 17:18:58: 	--wordexp
2024-09-03 17:18:58: Shell options:
2024-09-03 17:18:58: 	-irsD or -c command or -O shopt_option		(invocation only)
2024-09-03 17:18:58: 	-abefhkmnptuvxBCHP or -o option
2024-09-03 17:18:58: /bin/bash: --: invalid option
2024-09-03 17:18:58: Usage:	/bin/bash [GNU long option] [option] ...
2024-09-03 17:18:58: 	/bin/bash [GNU long option] [option] script-file ...
2024-09-03 17:18:58: GNU long options:
2024-09-03 17:18:58: 	--debug
2024-09-03 17:18:58: 	--debugger
2024-09-03 17:18:58: 	--dump-po-strings
2024-09-03 17:18:58: 	--dump-strings
2024-09-03 17:18:58: 	--help
2024-09-03 17:18:58: 	--init-file
2024-09-03 17:18:58: 	--login
2024-09-03 17:18:58: 	--noediting
2024-09-03 17:18:58: 	--noprofile
2024-09-03 17:18:58: 	--norc
2024-09-03 17:18:58: 	--posix
2024-09-03 17:18:58: 	--protected
2024-09-03 17:18:58: 	--rcfile
2024-09-03 17:18:58: 	--restricted
2024-09-03 17:18:58: 	--verbose
2024-09-03 17:18:58: 	--version
2024-09-03 17:18:58: 	--wordexp
2024-09-03 17:18:58: Shell options:
2024-09-03 17:18:58: 	-irsD or -c command or -O shopt_option		(invocation only)
2024-09-03 17:18:58: 	-abefhkmnptuvxBCHP or -o option
2024-09-03 17:18:58: /bin/bash: --: invalid option
2024-09-03 17:18:58: Usage:	/bin/bash [GNU long option] [option] ...
2024-09-03 17:18:58: 	/bin/bash [GNU long option] [option] script-file ...
2024-09-03 17:18:58: GNU long options:
2024-09-03 17:18:58: 	--debug
2024-09-03 17:18:58: 	--debugger
2024-09-03 17:18:58: 	--dump-po-strings
2024-09-03 17:18:58: 	--dump-strings
2024-09-03 17:18:58: 	--help
2024-09-03 17:18:58: 	--init-file
2024-09-03 17:18:58: 	--login
2024-09-03 17:18:58: 	--noediting
2024-09-03 17:18:58: 	--noprofile
2024-09-03 17:18:58: 	--norc
2024-09-03 17:18:58: 	--posix
2024-09-03 17:18:58: 	--protected
2024-09-03 17:18:58: 	--rcfile
2024-09-03 17:18:58: 	--restricted
2024-09-03 17:18:58: 	--verbose
2024-09-03 17:18:58: 	--version
2024-09-03 17:18:58: 	--wordexp
2024-09-03 17:18:58: Shell options:
2024-09-03 17:18:58: 	-irsD or -c command or -O shopt_option		(invocation only)
2024-09-03 17:18:58: /bin/bash: --: invalid option
2024-09-03 17:18:58: Usage:	/bin/bash [GNU long option] [option] ...
2024-09-03 17:18:58: 	/bin/bash [GNU long option] [option] script-file ...
2024-09-03 17:18:58: GNU long options:
2024-09-03 17:18:58: 	--debug
2024-09-03 17:18:58: 	--debugger
2024-09-03 17:18:58: 	--dump-po-strings
2024-09-03 17:18:58: 	--dump-strings
2024-09-03 17:18:58: 	--help
2024-09-03 17:18:58: 	--init-file
2024-09-03 17:18:58: 	--login
2024-09-03 17:18:58: 	--noediting
2024-09-03 17:18:58: 	--noprofile
2024-09-03 17:18:58: 	--norc
2024-09-03 17:18:58: 	--posix
2024-09-03 17:18:58: 	--protected
2024-09-03 17:18:58: 	--rcfile
2024-09-03 17:18:58: 	--restricted
2024-09-03 17:18:58: 	--verbose
2024-09-03 17:18:58: 	--version
2024-09-03 17:18:58: 	--wordexp
2024-09-03 17:18:58: Shell options:
2024-09-03 17:18:58: 	-irsD or -c command or -O shopt_option		(invocation only)
2024-09-03 17:18:58: 	-abefhkmnptuvxBCHP or -o option
2024-09-03 17:18:58: /bin/bash: --: invalid option
2024-09-03 17:18:58: Usage:	/bin/bash [GNU long option] [option] ...
2024-09-03 17:18:58: 	/bin/bash [GNU long option] [option] script-file ...
2024-09-03 17:18:58: GNU long options:
2024-09-03 17:18:58: 	--debug
2024-09-03 17:18:58: 	--debugger
2024-09-03 17:18:58: 	--dump-po-strings
2024-09-03 17:18:58: 	--dump-strings
2024-09-03 17:18:58: 	--help
2024-09-03 17:18:58: 	--init-file
2024-09-03 17:18:58: 	--login
2024-09-03 17:18:58: 	--noediting
2024-09-03 17:18:58: 	--noprofile
2024-09-03 17:18:58: 	--norc
2024-09-03 17:18:58: /bin/bash: --: invalid option
2024-09-03 17:18:58: Usage:	/bin/bash [GNU long option] [option] ...
2024-09-03 17:18:58: 	/bin/bash [GNU long option] [option] script-file ...
2024-09-03 17:18:58: GNU long options:
2024-09-03 17:18:58: 	--debug
2024-09-03 17:18:58: 	--debugger
2024-09-03 17:18:58: 	--dump-po-strings
2024-09-03 17:18:58: 	--dump-strings
2024-09-03 17:18:58: 	--help
2024-09-03 17:18:58: 	--init-file
2024-09-03 17:18:58: 	--login
2024-09-03 17:18:58: 	--noediting
2024-09-03 17:18:58: 	--noprofile
2024-09-03 17:18:58: 	--norc
2024-09-03 17:18:58: 	--posix
2024-09-03 17:18:58: 	--protected
2024-09-03 17:18:58: 	--rcfile
2024-09-03 17:18:58: 	--restricted
2024-09-03 17:18:58: 	--verbose
2024-09-03 17:18:58: 	--version
2024-09-03 17:18:58: 	--wordexp
2024-09-03 17:18:58: Shell options:
2024-09-03 17:18:58: 	-irsD or -c command or -O shopt_option		(invocation only)
2024-09-03 17:18:58: 	-abefhkmnptuvxBCHP or -o option
2024-09-03 17:18:58: /bin/bash: --: invalid option
2024-09-03 17:18:58: Usage:	/bin/bash [GNU long option] [option] ...
2024-09-03 17:18:58: 	/bin/bash [GNU long option] [option] script-file ...
2024-09-03 17:18:58: GNU long options:
2024-09-03 17:18:58: 	--debug
2024-09-03 17:18:58: 	--debugger
2024-09-03 17:18:58: 	--dump-po-strings
2024-09-03 17:18:58: 	--dump-strings
2024-09-03 17:18:58: 	--help
2024-09-03 17:18:58: 	--init-file
2024-09-03 17:18:58: 	--login
2024-09-03 17:18:58: 	--noediting
2024-09-03 17:18:58: 	--noprofile
2024-09-03 17:18:58: 	--norc
2024-09-03 17:18:58: 	--posix
2024-09-03 17:18:58: 	--protected
2024-09-03 17:22:42: /bin/bash: --: invalid option
2024-09-03 17:22:42: Usage:	/bin/bash [GNU long option] [option] ...
2024-09-03 17:22:42: 	/bin/bash [GNU long option] [option] script-file ...
2024-09-03 17:22:42: GNU long options:
2024-09-03 17:22:42: 	--debug
2024-09-03 17:22:42: 	--debugger
2024-09-03 17:22:42: 	--dump-po-strings
2024-09-03 17:22:42: 	--dump-strings
2024-09-03 17:22:42: 	--help
2024-09-03 17:22:42: 	--init-file
2024-09-03 17:22:42: 	--login
2024-09-03 17:22:42: 	--noediting
2024-09-03 17:22:42: 	--noprofile
2024-09-03 17:22:42: 	--norc
2024-09-03 17:22:42: 	--posix
2024-09-03 17:22:42: 	--protected
2024-09-03 17:22:42: 	--rcfile
2024-09-03 17:22:42: 	--restricted
2024-09-03 17:22:42: 	--verbose
2024-09-03 17:22:42: 	--version
2024-09-03 17:22:42: 	--wordexp
2024-09-03 17:22:42: Shell options:
2024-09-03 17:22:42: /bin/bash: --: invalid option
2024-09-03 17:22:42: Usage:	/bin/bash [GNU long option] [option] ...
2024-09-03 17:22:42: 	/bin/bash [GNU long option] [option] script-file ...
2024-09-03 17:22:42: GNU long options:
2024-09-03 17:22:42: 	--debug
2024-09-03 17:22:42: 	--debugger
2024-09-03 17:22:42: 	--dump-po-strings
2024-09-03 17:22:42: 	--dump-strings
2024-09-03 17:22:42: /bin/bash: --: invalid option
2024-09-03 17:22:42: Usage:	/bin/bash [GNU long option] [option] ...
2024-09-03 17:22:42: 	/bin/bash [GNU long option] [option] script-file ...
2024-09-03 17:22:42: GNU long options:
2024-09-03 17:22:42: 	--debug
2024-09-03 17:22:42: 	--debugger
2024-09-03 17:22:42: 	--dump-po-strings
2024-09-03 17:22:42: 	--dump-strings
2024-09-03 17:22:42: 	--help
2024-09-03 17:22:42: 	--init-file
2024-09-03 17:22:42: 	--login
2024-09-03 17:22:42: 	--noediting
2024-09-03 17:22:42: 	--noprofile
2024-09-03 17:22:42: 	--norc
2024-09-03 17:22:42: 	--posix
2024-09-03 17:22:42: 	--protected
2024-09-03 17:22:42: 	--rcfile
2024-09-03 17:22:42: 	--restricted
2024-09-03 17:22:42: 	--verbose
2024-09-03 17:22:42: 	--version
2024-09-03 17:22:42: 	--wordexp
2024-09-03 17:22:42: Shell options:
2024-09-03 17:22:42: 	-irsD or -c command or -O shopt_option		(invocation only)
2024-09-03 17:22:42: 	-abefhkmnptuvxBCHP or -o option
2024-09-03 17:22:42: /bin/bash: --: invalid option
2024-09-03 17:22:42: Usage:	/bin/bash [GNU long option] [option] ...
2024-09-03 17:22:42: 	/bin/bash [GNU long option] [option] script-file ...
2024-09-03 17:22:42: GNU long options:
2024-09-03 17:22:42: 	--debug
2024-09-03 17:22:42: 	--debugger
2024-09-03 17:22:42: 	--dump-po-strings
2024-09-03 17:22:42: 	--dump-strings
2024-09-03 17:22:42: 	--help
2024-09-03 17:22:42: 	--init-file
2024-09-03 17:22:42: 	--login
2024-09-03 17:22:42: /bin/bash: --: invalid option
2024-09-03 17:22:42: Usage:	/bin/bash [GNU long option] [option] ...
2024-09-03 17:22:42: 	/bin/bash [GNU long option] [option] script-file ...
2024-09-03 17:22:42: GNU long options:
2024-09-03 17:22:42: 	--debug
2024-09-03 17:22:42: 	--debugger
2024-09-03 17:22:42: 	--dump-po-strings
2024-09-03 17:22:42: 	--dump-strings
2024-09-03 17:22:42: 	--help
2024-09-03 17:22:42: 	--init-file
2024-09-03 17:22:42: 	--login
2024-09-03 17:22:42: 	--noediting
2024-09-03 17:22:42: 	--noprofile
2024-09-03 17:22:42: 	--norc
2024-09-03 17:22:42: 	--posix
2024-09-03 17:22:42: 	--protected
2024-09-03 17:22:42: 	--rcfile
2024-09-03 17:22:42: 	--restricted
2024-09-03 17:22:42: 	--verbose
2024-09-03 17:22:42: 	--version
2024-09-03 17:22:42: 	--wordexp
2024-09-03 17:22:42: Shell options:
2024-09-03 17:22:42: 	-irsD or -c command or -O shopt_option		(invocation only)
2024-09-03 17:22:42: 	-abefhkmnptuvxBCHP or -o option
2024-09-03 17:22:42: /bin/bash: --: invalid option
2024-09-03 17:22:42: Usage:	/bin/bash [GNU long option] [option] ...
2024-09-03 17:22:42: 	/bin/bash [GNU long option] [option] script-file ...
2024-09-03 17:22:42: GNU long options:
2024-09-03 17:22:42: 	--debug
2024-09-03 17:22:42: 	--debugger
2024-09-03 17:22:42: 	--dump-po-strings
2024-09-03 17:22:42: 	--dump-strings
2024-09-03 17:22:42: 	--help
2024-09-03 17:22:42: 	--init-file
2024-09-03 17:22:42: 	--login
2024-09-03 17:22:42: 	--noediting
2024-09-03 17:22:42: 	--noprofile
2024-09-03 17:22:42: 	--norc
2024-09-03 17:22:42: 	--posix
2024-09-03 17:22:42: 	--protected
2024-09-03 17:22:42: 	--rcfile
2024-09-03 17:22:42: 	--restricted
2024-09-03 17:22:42: 	--verbose
2024-09-03 17:22:42: 	--version
2024-09-03 17:22:42: 	--wordexp
2024-09-03 17:22:42: Shell options:
2024-09-03 17:22:42: 	-irsD or -c command or -O shopt_option		(invocation only)
2024-09-03 17:22:42: 	-abefhkmnptuvxBCHP or -o option
2024-09-03 17:22:42: /bin/bash: --: invalid option
2024-09-03 17:22:42: Usage:	/bin/bash [GNU long option] [option] ...
2024-09-03 17:22:42: 	/bin/bash [GNU long option] [option] script-file ...
2024-09-03 17:22:42: GNU long options:
2024-09-03 17:22:42: 	--debug
2024-09-03 17:22:42: 	--debugger
2024-09-03 17:22:42: 	--dump-po-strings
2024-09-03 17:22:42: 	--dump-strings
2024-09-03 17:22:42: 	--help
2024-09-03 17:22:42: 	--init-file
2024-09-03 17:22:42: 	--login
2024-09-03 17:22:42: 	--noediting
2024-09-03 17:22:42: 	--noprofile
2024-09-03 17:22:42: 	--norc
2024-09-03 17:22:42: 	--posix
2024-09-03 17:22:42: 	--protected
2024-09-03 17:22:42: 	--rcfile
2024-09-03 17:22:42: 	--restricted
2024-09-03 17:22:42: 	--verbose
2024-09-03 17:22:42: 	--version
2024-09-03 17:22:42: 	--wordexp
2024-09-03 17:22:42: Shell options:
2024-09-03 17:22:42: 	-irsD or -c command or -O shopt_option		(invocation only)
2024-09-03 17:22:42: 	-abefhkmnptuvxBCHP or -o option
2024-09-03 17:22:42: /bin/bash: --: invalid option
2024-09-03 17:22:42: Usage:	/bin/bash [GNU long option] [option] ...
2024-09-03 17:22:42: 	/bin/bash [GNU long option] [option] script-file ...
2024-09-03 17:22:42: /bin/bash: --: invalid option
2024-09-03 17:22:42: Usage:	/bin/bash [GNU long option] [option] ...
2024-09-03 17:22:42: 	/bin/bash [GNU long option] [option] script-file ...
2024-09-03 17:22:42: GNU long options:
2024-09-03 17:22:42: 	--debug
2024-09-03 17:22:42: 	--debugger
2024-09-03 17:22:42: 	--dump-po-strings
2024-09-03 17:22:42: 	--dump-strings
2024-09-03 17:22:42: 	--help
2024-09-03 17:22:42: 	--init-file
2024-09-03 17:22:42: 	--login
2024-09-03 17:22:42: 	--noediting
2024-09-03 17:22:42: 	--noprofile
2024-09-03 17:22:42: 	--norc
2024-09-03 17:22:42: 	--posix
2024-09-03 17:22:42: 	--protected
2024-09-03 17:22:42: 	--rcfile
2024-09-03 17:22:42: 	--restricted
2024-09-03 17:22:42: 	--verbose
2024-09-03 17:22:42: 	--version
2024-09-03 17:22:42: 	--wordexp
2024-09-03 17:22:42: Shell options:
2024-09-03 17:22:42: 	-irsD or -c command or -O shopt_option		(invocation only)
2024-09-03 17:22:42: 	-abefhkmnptuvxBCHP or -o option
2024-09-03 17:22:42: /bin/bash: --: invalid option
2024-09-03 17:22:42: Usage:	/bin/bash [GNU long option] [option] ...
2024-09-03 17:22:42: 	/bin/bash [GNU long option] [option] script-file ...
2024-09-03 17:22:42: GNU long options:
2024-09-03 17:22:42: 	--debug
2024-09-03 17:22:42: 	--debugger
2024-09-03 17:22:42: 	--dump-po-strings
2024-09-03 17:22:42: 	--dump-strings
2024-09-03 17:22:42: 	--help
2024-09-03 17:22:42: 	--init-file
2024-09-03 17:22:42: 	--login
2024-09-03 17:22:42: 	--noediting
2024-09-03 17:22:42: /bin/bash: --: invalid option
2024-09-03 17:22:42: Usage:	/bin/bash [GNU long option] [option] ...
2024-09-03 17:22:42: 	/bin/bash [GNU long option] [option] script-file ...
2024-09-03 17:22:42: GNU long options:
2024-09-03 17:22:42: 	--debug
2024-09-03 17:22:42: 	--debugger
2024-09-03 17:22:42: 	--dump-po-strings
2024-09-03 17:22:42: 	--dump-strings
2024-09-03 17:22:42: 	--help
2024-09-03 17:22:42: 	--init-file
2024-09-03 17:22:42: 	--login
2024-09-03 17:22:42: 	--noediting
2024-09-03 17:22:42: 	--noprofile
2024-09-03 17:22:42: 	--norc
2024-09-03 17:22:42: 	--posix
2024-09-03 17:22:42: 	--protected
2024-09-03 17:22:42: 	--rcfile
2024-09-03 17:22:42: 	--restricted
2024-09-03 17:22:42: 	--verbose
2024-09-03 17:22:42: 	--version
2024-09-03 17:22:42: 	--wordexp
2024-09-03 17:22:42: Shell options:
2024-09-03 17:22:42: 	-irsD or -c command or -O shopt_option		(invocation only)
2024-09-03 17:22:42: 	-abefhkmnptuvxBCHP or -o option
2024-09-03 17:22:42: /bin/bash: --: invalid option
2024-09-03 17:22:42: Usage:	/bin/bash [GNU long option] [option] ...
2024-09-03 17:22:42: 	/bin/bash [GNU long option] [option] script-file ...
2024-09-03 17:22:42: GNU long options:
2024-09-03 17:22:42: 	--debug
2024-09-03 17:22:42: 	--debugger
2024-09-03 17:22:42: 	--dump-po-strings
2024-09-03 17:22:42: 	--dump-strings
2024-09-03 17:22:42: 	--help
2024-09-03 17:22:42: 	--init-file
2024-09-03 17:22:42: 	--login
2024-09-03 17:22:42: 	--noediting
2024-09-03 17:22:42: 	--noprofile
2024-09-03 17:22:42: 	--norc
2024-09-03 17:22:42: 	--posix
2024-09-03 17:22:42: 	--protected
2024-09-03 17:22:42: 	--rcfile
2024-09-03 17:22:42: 	--restricted
2024-09-03 17:22:42: 	--verbose
2024-09-03 17:22:42: 	--version
2024-09-03 17:22:42: 	--wordexp
2024-09-03 17:22:42: Shell options:
2024-09-03 17:22:42: 	-irsD or -c command or -O shopt_option		(invocation only)
2024-09-03 17:22:42: 	-abefhkmnptuvxBCHP or -o option
2024-09-03 17:22:42: /bin/bash: --: invalid option
2024-09-03 17:22:42: Usage:	/bin/bash [GNU long option] [option] ...
2024-09-03 17:22:42: 	/bin/bash [GNU long option] [option] script-file ...
2024-09-03 17:22:42: GNU long options:
2024-09-03 17:22:42: /bin/bash: --: invalid option
2024-09-03 17:22:42: Usage:	/bin/bash [GNU long option] [option] ...
2024-09-03 17:22:42: 	/bin/bash [GNU long option] [option] script-file ...
2024-09-03 17:22:42: GNU long options:
2024-09-03 17:22:42: 	--debug
2024-09-03 17:22:42: 	--debugger
2024-09-03 17:22:42: 	--dump-po-strings
2024-09-03 17:22:42: 	--dump-strings
2024-09-03 17:22:42: 	--help
2024-09-03 17:22:42: 	--init-file
2024-09-03 17:22:42: 	--login
2024-09-03 17:22:42: 	--noediting
2024-09-03 17:22:42: 	--noprofile
2024-09-03 17:22:42: 	--norc
2024-09-03 17:22:42: 	--posix
2024-09-03 17:22:42: 	--protected
2024-09-03 17:22:42: 	--rcfile
2024-09-03 17:22:42: 	--restricted
2024-09-03 17:22:42: 	--verbose
2024-09-03 17:22:42: 	--version
2024-09-03 17:22:42: 	--wordexp
2024-09-03 17:22:42: Shell options:
2024-09-03 17:22:42: 	-irsD or -c command or -O shopt_option		(invocation only)
2024-09-03 17:22:42: 	-abefhkmnptuvxBCHP or -o option
2024-09-03 17:22:42: /bin/bash: --: invalid option
2024-09-03 17:22:42: Usage:	/bin/bash [GNU long option] [option] ...
2024-09-03 17:22:42: 	/bin/bash [GNU long option] [option] script-file ...
2024-09-03 17:22:42: GNU long options:
2024-09-03 17:22:42: 	--debug
2024-09-03 17:22:42: 	--debugger
2024-09-03 17:22:42: 	--dump-po-strings
2024-09-03 17:22:42: 	--dump-strings
2024-09-03 17:22:42: 	--help
2024-09-03 17:22:42: 	--init-file
2024-09-03 17:22:42: 	--login
2024-09-03 17:22:42: 	--noediting
2024-09-03 17:22:42: 	--noprofile
2024-09-03 17:22:42: 	--norc
2024-09-03 17:22:42: 	--posix
2024-09-03 17:22:42: 	--protected
2024-09-03 17:22:42: 	--rcfile
2024-09-03 17:22:42: 	--restricted
2024-09-03 17:22:42: 	--verbose
2024-09-03 17:22:42: 	--version
2024-09-03 17:22:42: 	--wordexp
2024-09-03 17:22:42: Shell options:
2024-09-03 17:22:42: 	-irsD or -c command or -O shopt_option		(invocation only)
2024-09-03 17:22:42: 	-abefhkmnptuvxBCHP or -o option
2024-09-03 17:22:43: /bin/bash: --: invalid option
2024-09-03 17:22:43: Usage:	/bin/bash [GNU long option] [option] ...
2024-09-03 17:22:43: 	/bin/bash [GNU long option] [option] script-file ...
2024-09-03 17:22:43: GNU long options:
2024-09-03 17:22:43: 	--debug
2024-09-03 17:22:43: 	--debugger
2024-09-03 17:22:43: 	--dump-po-strings
2024-09-03 17:22:43: 	--dump-strings
2024-09-03 17:22:43: 	--help
2024-09-03 17:22:43: 	--init-file
2024-09-03 17:22:43: 	--login
2024-09-03 17:22:43: 	--noediting
2024-09-03 17:22:43: 	--noprofile
2024-09-03 17:22:43: 	--norc
2024-09-03 17:22:43: 	--posix
2024-09-03 17:22:43: 	--protected
2024-09-03 17:22:43: 	--rcfile
2024-09-03 17:22:43: 	--restricted
2024-09-03 17:22:43: 	--verbose
2024-09-03 17:22:43: 	--version
2024-09-03 17:22:43: 	--wordexp
2024-09-03 17:22:43: Shell options:
2024-09-03 17:22:43: 	-irsD or -c command or -O shopt_option		(invocation only)
2024-09-03 17:22:43: 	-abefhkmnptuvxBCHP or -o option
2024-09-03 17:23:26: /bin/bash: --: invalid option
2024-09-03 17:23:26: Usage:	/bin/bash [GNU long option] [option] ...
2024-09-03 17:23:26: 	/bin/bash [GNU long option] [option] script-file ...
2024-09-03 17:23:26: GNU long options:
2024-09-03 17:23:26: 	--debug
2024-09-03 17:23:26: 	--debugger
2024-09-03 17:23:26: 	--dump-po-strings
2024-09-03 17:23:26: 	--dump-strings
2024-09-03 17:23:26: 	--help
2024-09-03 17:23:26: 	--init-file
2024-09-03 17:23:26: 	--login
2024-09-03 17:23:26: 	--noediting
2024-09-03 17:23:26: 	--noprofile
2024-09-03 17:23:26: 	--norc
2024-09-03 17:23:26: 	--posix
2024-09-03 17:23:26: 	--protected
2024-09-03 17:23:26: 	--rcfile
2024-09-03 17:23:26: 	--restricted
2024-09-03 17:23:26: 	--verbose
2024-09-03 17:23:26: 	--version
2024-09-03 17:23:26: 	--wordexp
2024-09-03 17:23:26: Shell options:
2024-09-03 17:23:26: 	-irsD or -c command or -O shopt_option		(invocation only)
2024-09-03 17:23:26: 	-abefhkmnptuvxBCHP or -o option
2024-09-03 17:23:26: /bin/bash: --: invalid option
2024-09-03 17:23:26: Usage:	/bin/bash [GNU long option] [option] ...
2024-09-03 17:23:26: 	/bin/bash [GNU long option] [option] script-file ...
2024-09-03 17:23:26: GNU long options:
2024-09-03 17:23:26: 	--debug
2024-09-03 17:23:26: 	--debugger
2024-09-03 17:23:26: 	--dump-po-strings
2024-09-03 17:23:26: 	--dump-strings
2024-09-03 17:23:26: 	--help
2024-09-03 17:23:26: 	--init-file
2024-09-03 17:23:26: 	--login
2024-09-03 17:23:26: 	--noediting
2024-09-03 17:23:26: 	--noprofile
2024-09-03 17:23:26: 	--norc
2024-09-03 17:23:26: 	--posix
2024-09-03 17:23:26: 	--protected
2024-09-03 17:23:26: 	--rcfile
2024-09-03 17:23:26: 	--restricted
2024-09-03 17:23:26: 	--verbose
2024-09-03 17:23:26: 	--version
2024-09-03 17:23:26: 	--wordexp
2024-09-03 17:23:26: Shell options:
2024-09-03 17:23:26: 	-irsD or -c command or -O shopt_option		(invocation only)
2024-09-03 17:23:26: 	-abefhkmnptuvxBCHP or -o option
2024-09-03 17:23:26: /bin/bash: --: invalid option
2024-09-03 17:23:26: Usage:	/bin/bash [GNU long option] [option] ...
2024-09-03 17:23:26: 	/bin/bash [GNU long option] [option] script-file ...
2024-09-03 17:23:26: GNU long options:
2024-09-03 17:23:26: 	--debug
2024-09-03 17:23:26: 	--debugger
2024-09-03 17:23:26: 	--dump-po-strings
2024-09-03 17:23:26: 	--dump-strings
2024-09-03 17:23:26: 	--help
2024-09-03 17:23:26: 	--init-file
2024-09-03 17:23:26: 	--login
2024-09-03 17:23:26: 	--noediting
2024-09-03 17:23:26: 	--noprofile
2024-09-03 17:23:26: 	--norc
2024-09-03 17:23:26: 	--posix
2024-09-03 17:23:26: 	--protected
2024-09-03 17:23:26: 	--rcfile
2024-09-03 17:23:26: 	--restricted
2024-09-03 17:23:26: 	--verbose
2024-09-03 17:23:26: 	--version
2024-09-03 17:23:26: 	--wordexp
2024-09-03 17:23:26: Shell options:
2024-09-03 17:23:26: 	-irsD or -c command or -O shopt_option		(invocation only)
2024-09-03 17:23:26: 	-abefhkmnptuvxBCHP or -o option
2024-09-03 17:23:26: /bin/bash: --: invalid option
2024-09-03 17:23:26: Usage:	/bin/bash [GNU long option] [option] ...
2024-09-03 17:23:26: 	/bin/bash [GNU long option] [option] script-file ...
2024-09-03 17:23:26: GNU long options:
2024-09-03 17:23:26: 	--debug
2024-09-03 17:23:26: 	--debugger
2024-09-03 17:23:26: 	--dump-po-strings
2024-09-03 17:23:26: 	--dump-strings
2024-09-03 17:23:26: 	--help
2024-09-03 17:23:26: 	--init-file
2024-09-03 17:23:26: 	--login
2024-09-03 17:23:26: 	--noediting
2024-09-03 17:23:26: 	--noprofile
2024-09-03 17:23:26: 	--norc
2024-09-03 17:23:26: 	--posix
2024-09-03 17:23:26: 	--protected
2024-09-03 17:23:26: 	--rcfile
2024-09-03 17:23:26: 	--restricted
2024-09-03 17:23:26: 	--verbose
2024-09-03 17:23:26: 	--version
2024-09-03 17:23:26: 	--wordexp
2024-09-03 17:23:26: Shell options:
2024-09-03 17:23:26: 	-irsD or -c command or -O shopt_option		(invocation only)
2024-09-03 17:23:26: 	-abefhkmnptuvxBCHP or -o option
2024-09-03 17:23:26: /bin/bash: --: invalid option
2024-09-03 17:23:26: Usage:	/bin/bash [GNU long option] [option] ...
2024-09-03 17:23:26: 	/bin/bash [GNU long option] [option] script-file ...
2024-09-03 17:23:26: GNU long options:
2024-09-03 17:23:26: 	--debug
2024-09-03 17:23:26: 	--debugger
2024-09-03 17:23:26: 	--dump-po-strings
2024-09-03 17:23:26: 	--dump-strings
2024-09-03 17:23:26: 	--help
2024-09-03 17:23:26: 	--init-file
2024-09-03 17:23:26: 	--login
2024-09-03 17:23:26: 	--noediting
2024-09-03 17:23:26: 	--noprofile
2024-09-03 17:23:26: 	--norc
2024-09-03 17:23:26: 	--posix
2024-09-03 17:23:26: 	--protected
2024-09-03 17:23:26: 	--rcfile
2024-09-03 17:23:26: 	--restricted
2024-09-03 17:23:26: 	--verbose
2024-09-03 17:23:26: 	--version
2024-09-03 17:23:26: 	--wordexp
2024-09-03 17:23:26: Shell options:
2024-09-03 17:23:26: 	-irsD or -c command or -O shopt_option		(invocation only)
2024-09-03 17:23:26: 	-abefhkmnptuvxBCHP or -o option
2024-09-03 17:23:26: /bin/bash: --: invalid option
2024-09-03 17:23:26: Usage:	/bin/bash [GNU long option] [option] ...
2024-09-03 17:23:26: 	/bin/bash [GNU long option] [option] script-file ...
2024-09-03 17:23:26: GNU long options:
2024-09-03 17:23:26: 	--debug
2024-09-03 17:23:26: 	--debugger
2024-09-03 17:23:26: 	--dump-po-strings
2024-09-03 17:23:26: 	--dump-strings
2024-09-03 17:23:26: 	--help
2024-09-03 17:23:26: 	--init-file
2024-09-03 17:23:26: 	--login
2024-09-03 17:23:26: 	--noediting
2024-09-03 17:23:26: 	--noprofile
2024-09-03 17:23:26: 	--norc
2024-09-03 17:23:26: 	--posix
2024-09-03 17:23:26: 	--protected
2024-09-03 17:23:26: 	--rcfile
2024-09-03 17:23:26: 	--restricted
2024-09-03 17:23:26: 	--verbose
2024-09-03 17:23:26: 	--version
2024-09-03 17:23:26: 	--wordexp
2024-09-03 17:23:26: Shell options:
2024-09-03 17:23:26: 	-irsD or -c command or -O shopt_option		(invocation only)
2024-09-03 17:23:26: 	-abefhkmnptuvxBCHP or -o option
2024-09-03 17:23:26: /bin/bash: --: invalid option
2024-09-03 17:23:26: Usage:	/bin/bash [GNU long option] [option] ...
2024-09-03 17:23:26: 	/bin/bash [GNU long option] [option] script-file ...
2024-09-03 17:23:26: GNU long options:
2024-09-03 17:23:26: 	--debug
2024-09-03 17:23:26: 	--debugger
2024-09-03 17:23:26: 	--dump-po-strings
2024-09-03 17:23:26: 	--dump-strings
2024-09-03 17:23:26: 	--help
2024-09-03 17:23:26: 	--init-file
2024-09-03 17:23:26: 	--login
2024-09-03 17:23:26: 	--noediting
2024-09-03 17:23:26: 	--noprofile
2024-09-03 17:23:26: 	--norc
2024-09-03 17:23:26: 	--posix
2024-09-03 17:23:26: 	--protected
2024-09-03 17:23:26: 	--rcfile
2024-09-03 17:23:26: 	--restricted
2024-09-03 17:23:26: 	--verbose
2024-09-03 17:23:26: 	--version
2024-09-03 17:23:26: 	--wordexp
2024-09-03 17:23:26: Shell options:
2024-09-03 17:23:26: 	-irsD or -c command or -O shopt_option		(invocation only)
2024-09-03 17:23:26: 	-abefhkmnptuvxBCHP or -o option
2024-09-03 17:23:26: /bin/bash: --: invalid option
2024-09-03 17:23:26: Usage:	/bin/bash [GNU long option] [option] ...
2024-09-03 17:23:26: 	/bin/bash [GNU long option] [option] script-file ...
2024-09-03 17:23:26: GNU long options:
2024-09-03 17:23:26: 	--debug
2024-09-03 17:23:26: 	--debugger
2024-09-03 17:23:26: 	--dump-po-strings
2024-09-03 17:23:26: 	--dump-strings
2024-09-03 17:23:26: 	--help
2024-09-03 17:23:26: 	--init-file
2024-09-03 17:23:26: 	--login
2024-09-03 17:23:26: 	--noediting
2024-09-03 17:23:26: 	--noprofile
2024-09-03 17:23:26: 	--norc
2024-09-03 17:23:26: 	--posix
2024-09-03 17:23:26: 	--protected
2024-09-03 17:23:26: 	--rcfile
2024-09-03 17:23:26: 	--restricted
2024-09-03 17:23:26: 	--verbose
2024-09-03 17:23:26: 	--version
2024-09-03 17:23:26: 	--wordexp
2024-09-03 17:23:26: Shell options:
2024-09-03 17:23:26: 	-irsD or -c command or -O shopt_option		(invocation only)
2024-09-03 17:23:26: 	-abefhkmnptuvxBCHP or -o option
2024-09-03 17:23:26: /bin/bash: --: invalid option
2024-09-03 17:23:26: Usage:	/bin/bash [GNU long option] [option] ...
2024-09-03 17:23:26: 	/bin/bash [GNU long option] [option] script-file ...
2024-09-03 17:23:26: GNU long options:
2024-09-03 17:23:26: 	--debug
2024-09-03 17:23:26: 	--debugger
2024-09-03 17:23:26: 	--dump-po-strings
2024-09-03 17:23:26: 	--dump-strings
2024-09-03 17:23:26: 	--help
2024-09-03 17:23:26: 	--init-file
2024-09-03 17:23:26: 	--login
2024-09-03 17:23:26: 	--noediting
2024-09-03 17:23:26: 	--noprofile
2024-09-03 17:23:26: 	--norc
2024-09-03 17:23:26: 	--posix
2024-09-03 17:23:26: 	--protected
2024-09-03 17:23:26: 	--rcfile
2024-09-03 17:23:26: 	--restricted
2024-09-03 17:23:26: 	--verbose
2024-09-03 17:23:26: 	--version
2024-09-03 17:23:26: 	--wordexp
2024-09-03 17:23:26: Shell options:
2024-09-03 17:23:26: 	-irsD or -c command or -O shopt_option		(invocation only)
2024-09-03 17:23:26: 	-abefhkmnptuvxBCHP or -o option
2024-09-03 17:23:26: /bin/bash: --: invalid option
2024-09-03 17:23:26: Usage:	/bin/bash [GNU long option] [option] ...
2024-09-03 17:23:26: 	/bin/bash [GNU long option] [option] script-file ...
2024-09-03 17:23:26: GNU long options:
2024-09-03 17:23:26: 	--debug
2024-09-03 17:23:26: 	--debugger
2024-09-03 17:23:26: 	--dump-po-strings
2024-09-03 17:23:26: 	--dump-strings
2024-09-03 17:23:26: 	--help
2024-09-03 17:23:26: 	--init-file
2024-09-03 17:23:26: 	--login
2024-09-03 17:23:26: 	--noediting
2024-09-03 17:23:26: 	--noprofile
2024-09-03 17:23:26: 	--norc
2024-09-03 17:23:26: 	--posix
2024-09-03 17:23:26: 	--protected
2024-09-03 17:23:26: 	--rcfile
2024-09-03 17:23:26: 	--restricted
2024-09-03 17:23:26: 	--verbose
2024-09-03 17:23:26: 	--version
2024-09-03 17:23:26: 	--wordexp
2024-09-03 17:23:26: Shell options:
2024-09-03 17:23:26: 	-irsD or -c command or -O shopt_option		(invocation only)
2024-09-03 17:23:26: 	-abefhkmnptuvxBCHP or -o option
2024-09-03 17:23:26: /bin/bash: --: invalid option
2024-09-03 17:23:26: Usage:	/bin/bash [GNU long option] [option] ...
2024-09-03 17:23:26: 	/bin/bash [GNU long option] [option] script-file ...
2024-09-03 17:23:26: GNU long options:
2024-09-03 17:23:26: 	--debug
2024-09-03 17:23:26: 	--debugger
2024-09-03 17:23:26: 	--dump-po-strings
2024-09-03 17:23:26: 	--dump-strings
2024-09-03 17:23:26: 	--help
2024-09-03 17:23:26: 	--init-file
2024-09-03 17:23:26: 	--login
2024-09-03 17:23:26: 	--noediting
2024-09-03 17:23:26: 	--noprofile
2024-09-03 17:23:26: /bin/bash: --: invalid option
2024-09-03 17:23:26: Usage:	/bin/bash [GNU long option] [option] ...
2024-09-03 17:23:26: 	/bin/bash [GNU long option] [option] script-file ...
2024-09-03 17:23:26: GNU long options:
2024-09-03 17:23:26: 	--debug
2024-09-03 17:23:26: 	--debugger
2024-09-03 17:23:26: 	--dump-po-strings
2024-09-03 17:23:26: 	--dump-strings
2024-09-03 17:23:26: 	--help
2024-09-03 17:23:26: 	--init-file
2024-09-03 17:23:26: 	--login
2024-09-03 17:23:26: 	--noediting
2024-09-03 17:23:26: 	--noprofile
2024-09-03 17:23:26: 	--norc
2024-09-03 17:23:26: 	--posix
2024-09-03 17:23:26: /bin/bash: --: invalid option
2024-09-03 17:23:26: Usage:	/bin/bash [GNU long option] [option] ...
2024-09-03 17:23:26: 	/bin/bash [GNU long option] [option] script-file ...
2024-09-03 17:23:26: GNU long options:
2024-09-03 17:23:26: 	--debug
2024-09-03 17:23:26: 	--debugger
2024-09-03 17:23:26: 	--dump-po-strings
2024-09-03 17:23:26: 	--dump-strings
2024-09-03 17:23:26: /bin/bash: --: invalid option
2024-09-03 17:23:26: Usage:	/bin/bash [GNU long option] [option] ...
2024-09-03 17:23:26: 	/bin/bash [GNU long option] [option] script-file ...
2024-09-03 17:23:26: GNU long options:
2024-09-03 17:23:26: 	--debug
2024-09-03 17:23:26: 	--debugger
2024-09-03 17:23:26: 	--dump-po-strings
2024-09-03 17:23:26: 	--dump-strings
2024-09-03 17:23:26: 	--help
2024-09-03 17:23:26: 	--init-file
2024-09-03 17:23:26: /bin/bash: --: invalid option
2024-09-03 17:23:26: Usage:	/bin/bash [GNU long option] [option] ...
2024-09-03 17:23:26: 	/bin/bash [GNU long option] [option] script-file ...
2024-09-03 17:23:26: GNU long options:
2024-09-03 17:23:26: 	--debug
2024-09-03 17:23:26: 	--debugger
2024-09-03 17:23:26: 	--dump-po-strings
2024-09-03 17:23:26: 	--dump-strings
2024-09-03 17:23:26: 	--help
2024-09-03 17:23:26: /bin/bash: --: invalid option
2024-09-03 17:23:26: Usage:	/bin/bash [GNU long option] [option] ...
2024-09-03 17:23:26: 	/bin/bash [GNU long option] [option] script-file ...
2024-09-03 17:23:26: GNU long options:
2024-09-03 17:23:26: 	--debug
2024-09-03 17:23:26: 	--debugger
2024-09-03 17:23:26: 	--dump-po-strings
2024-09-03 17:23:26: 	--dump-strings
2024-09-03 17:23:26: 	--help
2024-09-03 17:23:26: 	--init-file
