  [1m[38;2;173;127;168m▲ Next.js 14.2.5[39m[22m
  - Local:        http://localhost:3000

 [32m[1m✓[22m[39m Starting...
  [1m[38;2;173;127;168m▲ Next.js 14.2.5[39m[22m
  - Local:        http://localhost:3000

 [32m[1m✓[22m[39m Starting...
  [1m[38;2;173;127;168m▲ Next.js 14.2.5[39m[22m
  - Local:        http://localhost:3000

 [32m[1m✓[22m[39m Starting...
  [1m[38;2;173;127;168m▲ Next.js 14.2.5[39m[22m
  - Local:        http://localhost:3000

 [32m[1m✓[22m[39m Starting...
  [1m[38;2;173;127;168m▲ Next.js 14.2.5[39m[22m
  - Local:        http://localhost:3000

 [32m[1m✓[22m[39m Starting...
  [1m[38;2;173;127;168m▲ Next.js 14.2.5[39m[22m
  - Local:        http://localhost:3000

 [32m[1m✓[22m[39m Starting...
  [1m[38;2;173;127;168m▲ Next.js 14.2.5[39m[22m
  - Local:        http://localhost:3000

 [32m[1m✓[22m[39m Starting...

> blog-next@0.1.0 start
> next start


> blog-next@0.1.0 start
> next start


> blog-next@0.1.0 start
> next start


> blog-next@0.1.0 start
> next start


> blog-next@0.1.0 start
> next start


> blog-next@0.1.0 start
> next start


> blog-next@0.1.0 start
> next start


> blog-next@0.1.0 start
> next start


> blog-next@0.1.0 start
> next start


> blog-next@0.1.0 start
> next start


> blog-next@0.1.0 start
> next start


> blog-next@0.1.0 start
> next start


> blog-next@0.1.0 start
> next start


> blog-next@0.1.0 start
> next start


> blog-next@0.1.0 start
> next start


> blog-next@0.1.0 start
> next start


> blog-next@0.1.0 start
> next start


> blog-next@0.1.0 start
> next start


> blog-next@0.1.0 start
> next start


> blog-next@0.1.0 start
> next start


> blog-next@0.1.0 start
> next start


> blog-next@0.1.0 start
> next start


> blog-next@0.1.0 start
> next start


> blog-next@0.1.0 start
> next start


> blog-next@0.1.0 start
> next start


> blog-next@0.1.0 start
> next start


> blog-next@0.1.0 start
> next start


> blog-next@0.1.0 start
> next start


> blog-next@0.1.0 start
> next start


> blog-next@0.1.0 start
> next start


> blog-next@0.1.0 start
> next start


> blog-next@0.1.0 start
> next start


> blog-next@0.1.0 start
> next start


> blog-next@0.1.0 start
> next start


> blog-next@0.1.0 start
> next start


> blog-next@0.1.0 start
> next start


> blog-next@0.1.0 start
> next start

